# JRE version: OpenJDK Runtime Environment (17.0.6) (build 17.0.6+0-b2043.56-9586694)
# Java VM: OpenJDK 64-Bit Server VM (17.0.6+0-b2043.56-9586694, mixed mode, tiered, compressed oops, compressed class ptrs, g1 gc, windows-amd64)
GC Precious Log:
 CPUs: 2 total, 2 available
 Memory: 7567M
 Large Page Support: Disabled
 NUMA Support: Disabled
 Compressed Oops: Enabled (32-bit)
 Heap Region Size: 1M
 Heap Min Capacity: 8M
 Heap Initial Capacity: 120M
 Heap Max Capacity: 2G
 Pre-touch: Disabled
 Parallel Workers: 2
 Concurrent Workers: 1
 Concurrent Refinement Workers: 2
 Periodic GC: Disabled
Heap:
 garbage-first heap   total 542720K, used 403167K [0x0000000080000000, 0x0000000100000000)
  region size 1024K, 139 young (142336K), 2 survivors (2048K)
 Metaspace       used 150184K, committed 151104K, reserved 1187840K
  class space    used 19142K, committed 19584K, reserved 1048576K
GC Heap History (20 events):
Event: 277.273 GC heap before
{Heap before GC invocations=131 (full 0):
 garbage-first heap   total 542720K, used 456122K [0x0000000080000000, 0x0000000100000000)
  region size 1024K, 245 young (250880K), 1 survivors (1024K)
 Metaspace       used 114828K, committed 115584K, reserved 1155072K
  class space    used 15050K, committed 15424K, reserved 1048576K
}
Event: 277.293 GC heap after
{Heap after GC invocations=132 (full 0):
 garbage-first heap   total 542720K, used 211898K [0x0000000080000000, 0x0000000100000000)
  region size 1024K, 6 young (6144K), 6 survivors (6144K)
 Metaspace       used 114828K, committed 115584K, reserved 1155072K
  class space    used 15050K, committed 15424K, reserved 1048576K
}
Event: 299.080 GC heap before
{Heap before GC invocations=132 (full 0):
 garbage-first heap   total 542720K, used 459706K [0x0000000080000000, 0x0000000100000000)
  region size 1024K, 247 young (252928K), 6 survivors (6144K)
 Metaspace       used 123345K, committed 124224K, reserved 1163264K
  class space    used 16247K, committed 16640K, reserved 1048576K
}
Event: 299.105 GC heap after
{Heap after GC invocations=133 (full 0):
 garbage-first heap   total 542720K, used 218042K [0x0000000080000000, 0x0000000100000000)
  region size 1024K, 10 young (10240K), 10 survivors (10240K)
 Metaspace       used 123345K, committed 124224K, reserved 1163264K
  class space    used 16247K, committed 16640K, reserved 1048576K
}
Event: 302.548 GC heap before
{Heap before GC invocations=133 (full 0):
 garbage-first heap   total 542720K, used 461754K [0x0000000080000000, 0x0000000100000000)
  region size 1024K, 247 young (252928K), 10 survivors (10240K)
 Metaspace       used 123804K, committed 124544K, reserved 1163264K
  class space    used 16276K, committed 16640K, reserved 1048576K
}
Event: 302.574 GC heap after
{Heap after GC invocations=134 (full 0):
 garbage-first heap   total 542720K, used 220090K [0x0000000080000000, 0x0000000100000000)
  region size 1024K, 12 young (12288K), 12 survivors (12288K)
 Metaspace       used 123804K, committed 124544K, reserved 1163264K
  class space    used 16276K, committed 16640K, reserved 1048576K
}
Event: 324.043 GC heap before
{Heap before GC invocations=134 (full 0):
 garbage-first heap   total 542720K, used 459706K [0x0000000080000000, 0x0000000100000000)
  region size 1024K, 247 young (252928K), 12 survivors (12288K)
 Metaspace       used 127859K, committed 128704K, reserved 1163264K
  class space    used 16661K, committed 17088K, reserved 1048576K
}
Event: 324.080 GC heap after
{Heap after GC invocations=135 (full 0):
 garbage-first heap   total 542720K, used 216506K [0x0000000080000000, 0x0000000100000000)
  region size 1024K, 10 young (10240K), 10 survivors (10240K)
 Metaspace       used 127859K, committed 128704K, reserved 1163264K
  class space    used 16661K, committed 17088K, reserved 1048576K
}
Event: 339.684 GC heap before
{Heap before GC invocations=135 (full 0):
 garbage-first heap   total 542720K, used 462266K [0x0000000080000000, 0x0000000100000000)
  region size 1024K, 251 young (257024K), 10 survivors (10240K)
 Metaspace       used 130958K, committed 131904K, reserved 1163264K
  class space    used 17021K, committed 17472K, reserved 1048576K
}
Event: 339.738 GC heap after
{Heap after GC invocations=136 (full 0):
 garbage-first heap   total 542720K, used 222650K [0x0000000080000000, 0x0000000100000000)
  region size 1024K, 16 young (16384K), 16 survivors (16384K)
 Metaspace       used 130958K, committed 131904K, reserved 1163264K
  class space    used 17021K, committed 17472K, reserved 1048576K
}
Event: 5124.267 GC heap before
{Heap before GC invocations=136 (full 0):
 garbage-first heap   total 542720K, used 463290K [0x0000000080000000, 0x0000000100000000)
  region size 1024K, 252 young (258048K), 16 survivors (16384K)
 Metaspace       used 136348K, committed 137344K, reserved 1171456K
  class space    used 17670K, committed 18176K, reserved 1048576K
}
Event: 5124.321 GC heap after
{Heap after GC invocations=137 (full 0):
 garbage-first heap   total 542720K, used 227770K [0x0000000080000000, 0x0000000100000000)
  region size 1024K, 21 young (21504K), 21 survivors (21504K)
 Metaspace       used 136348K, committed 137344K, reserved 1171456K
  class space    used 17670K, committed 18176K, reserved 1048576K
}
Event: 6235.133 GC heap before
{Heap before GC invocations=137 (full 0):
 garbage-first heap   total 542720K, used 465338K [0x0000000080000000, 0x0000000100000000)
  region size 1024K, 251 young (257024K), 21 survivors (21504K)
 Metaspace       used 143171K, committed 144256K, reserved 1179648K
  class space    used 18487K, committed 19008K, reserved 1048576K
}
Event: 6235.281 GC heap after
{Heap after GC invocations=138 (full 0):
 garbage-first heap   total 542720K, used 264827K [0x0000000080000000, 0x0000000100000000)
  region size 1024K, 32 young (32768K), 32 survivors (32768K)
 Metaspace       used 143171K, committed 144256K, reserved 1179648K
  class space    used 18487K, committed 19008K, reserved 1048576K
}
Event: 6239.005 GC heap before
{Heap before GC invocations=138 (full 0):
 garbage-first heap   total 542720K, used 310907K [0x0000000080000000, 0x0000000100000000)
  region size 1024K, 70 young (71680K), 32 survivors (32768K)
 Metaspace       used 143538K, committed 144704K, reserved 1179648K
  class space    used 18514K, committed 19072K, reserved 1048576K
}
Event: 6239.105 GC heap after
{Heap after GC invocations=139 (full 0):
 garbage-first heap   total 542720K, used 275167K [0x0000000080000000, 0x0000000100000000)
  region size 1024K, 9 young (9216K), 9 survivors (9216K)
 Metaspace       used 143538K, committed 144704K, reserved 1179648K
  class space    used 18514K, committed 19072K, reserved 1048576K
}
Event: 6248.841 GC heap before
{Heap before GC invocations=140 (full 0):
 garbage-first heap   total 542720K, used 458463K [0x0000000080000000, 0x0000000100000000)
  region size 1024K, 174 young (178176K), 9 survivors (9216K)
 Metaspace       used 148725K, committed 149696K, reserved 1179648K
  class space    used 18986K, committed 19456K, reserved 1048576K
}
Event: 6248.877 GC heap after
{Heap after GC invocations=141 (full 0):
 garbage-first heap   total 542720K, used 272095K [0x0000000080000000, 0x0000000100000000)
  region size 1024K, 8 young (8192K), 8 survivors (8192K)
 Metaspace       used 148725K, committed 149696K, reserved 1179648K
  class space    used 18986K, committed 19456K, reserved 1048576K
}
Event: 6252.541 GC heap before
{Heap before GC invocations=141 (full 0):
 garbage-first heap   total 542720K, used 289503K [0x0000000080000000, 0x0000000100000000)
  region size 1024K, 26 young (26624K), 8 survivors (8192K)
 Metaspace       used 149247K, committed 150272K, reserved 1187840K
  class space    used 19049K, committed 19520K, reserved 1048576K
}
Event: 6252.575 GC heap after
{Heap after GC invocations=142 (full 0):
 garbage-first heap   total 542720K, used 264927K [0x0000000080000000, 0x0000000100000000)
  region size 1024K, 2 young (2048K), 2 survivors (2048K)
 Metaspace       used 149247K, committed 150272K, reserved 1187840K
  class space    used 19049K, committed 19520K, reserved 1048576K
}

