# JRE version: OpenJDK Runtime Environment (17.0.6) (build 17.0.6+0-b2043.56-9586694)
# Java VM: OpenJDK 64-Bit Server VM (17.0.6+0-b2043.56-9586694, mixed mode, tiered, compressed oops, compressed class ptrs, g1 gc, windows-amd64)
GC Precious Log:
 CPUs: 2 total, 2 available
 Memory: 7567M
 Large Page Support: Disabled
 NUMA Support: Disabled
 Compressed Oops: Enabled (32-bit)
 Heap Region Size: 1M
 Heap Min Capacity: 8M
 Heap Initial Capacity: 120M
 Heap Max Capacity: 2G
 Pre-touch: Disabled
 Parallel Workers: 2
 Concurrent Workers: 1
 Concurrent Refinement Workers: 2
 Periodic GC: Disabled
Heap:
 garbage-first heap   total 399360K, used 235103K [0x0000000080000000, 0x0000000100000000)
  region size 1024K, 2 young (2048K), 2 survivors (2048K)
 Metaspace       used 129534K, committed 130624K, reserved 1163264K
  class space    used 16822K, committed 17344K, reserved 1048576K
GC Heap History (20 events):
Event: 235.373 GC heap after
{Heap after GC invocations=77 (full 0):
 garbage-first heap   total 399360K, used 221937K [0x0000000080000000, 0x0000000100000000)
  region size 1024K, 2 young (2048K), 2 survivors (2048K)
 Metaspace       used 125245K, committed 126336K, reserved 1163264K
  class space    used 16380K, committed 16896K, reserved 1048576K
}
Event: 243.384 GC heap before
{Heap before GC invocations=77 (full 0):
 garbage-first heap   total 399360K, used 302833K [0x0000000080000000, 0x0000000100000000)
  region size 1024K, 82 young (83968K), 2 survivors (2048K)
 Metaspace       used 126365K, committed 127424K, reserved 1163264K
  class space    used 16519K, committed 17024K, reserved 1048576K
}
Event: 243.404 GC heap after
{Heap after GC invocations=78 (full 0):
 garbage-first heap   total 399360K, used 224446K [0x0000000080000000, 0x0000000100000000)
  region size 1024K, 5 young (5120K), 5 survivors (5120K)
 Metaspace       used 126365K, committed 127424K, reserved 1163264K
  class space    used 16519K, committed 17024K, reserved 1048576K
}
Event: 246.974 GC heap before
{Heap before GC invocations=79 (full 0):
 garbage-first heap   total 399360K, used 308414K [0x0000000080000000, 0x0000000100000000)
  region size 1024K, 89 young (91136K), 5 survivors (5120K)
 Metaspace       used 126438K, committed 127488K, reserved 1163264K
  class space    used 16526K, committed 17024K, reserved 1048576K
}
Event: 246.999 GC heap after
{Heap after GC invocations=80 (full 0):
 garbage-first heap   total 399360K, used 226657K [0x0000000080000000, 0x0000000100000000)
  region size 1024K, 8 young (8192K), 8 survivors (8192K)
 Metaspace       used 126438K, committed 127488K, reserved 1163264K
  class space    used 16526K, committed 17024K, reserved 1048576K
}
Event: 247.258 GC heap before
{Heap before GC invocations=80 (full 0):
 garbage-first heap   total 399360K, used 236897K [0x0000000080000000, 0x0000000100000000)
  region size 1024K, 19 young (19456K), 8 survivors (8192K)
 Metaspace       used 126503K, committed 127552K, reserved 1163264K
  class space    used 16530K, committed 17024K, reserved 1048576K
}
Event: 247.292 GC heap after
{Heap after GC invocations=81 (full 0):
 garbage-first heap   total 399360K, used 224022K [0x0000000080000000, 0x0000000100000000)
  region size 1024K, 3 young (3072K), 3 survivors (3072K)
 Metaspace       used 126503K, committed 127552K, reserved 1163264K
  class space    used 16530K, committed 17024K, reserved 1048576K
}
Event: 249.806 GC heap before
{Heap before GC invocations=81 (full 0):
 garbage-first heap   total 399360K, used 315158K [0x0000000080000000, 0x0000000100000000)
  region size 1024K, 93 young (95232K), 3 survivors (3072K)
 Metaspace       used 127737K, committed 128832K, reserved 1163264K
  class space    used 16641K, committed 17152K, reserved 1048576K
}
Event: 249.815 GC heap after
{Heap after GC invocations=82 (full 0):
 garbage-first heap   total 399360K, used 222486K [0x0000000080000000, 0x0000000100000000)
  region size 1024K, 1 young (1024K), 1 survivors (1024K)
 Metaspace       used 127737K, committed 128832K, reserved 1163264K
  class space    used 16641K, committed 17152K, reserved 1048576K
}
Event: 253.039 GC heap before
{Heap before GC invocations=83 (full 0):
 garbage-first heap   total 399360K, used 321814K [0x0000000080000000, 0x0000000100000000)
  region size 1024K, 99 young (101376K), 1 survivors (1024K)
 Metaspace       used 128967K, committed 130048K, reserved 1163264K
  class space    used 16772K, committed 17280K, reserved 1048576K
}
Event: 253.049 GC heap after
{Heap after GC invocations=84 (full 0):
 garbage-first heap   total 399360K, used 225004K [0x0000000080000000, 0x0000000100000000)
  region size 1024K, 4 young (4096K), 4 survivors (4096K)
 Metaspace       used 128967K, committed 130048K, reserved 1163264K
  class space    used 16772K, committed 17280K, reserved 1048576K
}
Event: 253.098 GC heap before
{Heap before GC invocations=84 (full 0):
 garbage-first heap   total 399360K, used 239340K [0x0000000080000000, 0x0000000100000000)
  region size 1024K, 19 young (19456K), 4 survivors (4096K)
 Metaspace       used 128967K, committed 130048K, reserved 1163264K
  class space    used 16772K, committed 17280K, reserved 1048576K
}
Event: 253.120 GC heap after
{Heap after GC invocations=85 (full 0):
 garbage-first heap   total 399360K, used 224333K [0x0000000080000000, 0x0000000100000000)
  region size 1024K, 2 young (2048K), 2 survivors (2048K)
 Metaspace       used 128967K, committed 130048K, reserved 1163264K
  class space    used 16772K, committed 17280K, reserved 1048576K
}
Event: 254.740 GC heap before
{Heap before GC invocations=85 (full 0):
 garbage-first heap   total 399360K, used 329805K [0x0000000080000000, 0x0000000100000000)
  region size 1024K, 106 young (108544K), 2 survivors (2048K)
 Metaspace       used 129527K, committed 130624K, reserved 1163264K
  class space    used 16822K, committed 17344K, reserved 1048576K
}
Event: 254.757 GC heap after
{Heap after GC invocations=86 (full 0):
 garbage-first heap   total 399360K, used 233314K [0x0000000080000000, 0x0000000100000000)
  region size 1024K, 11 young (11264K), 11 survivors (11264K)
 Metaspace       used 129527K, committed 130624K, reserved 1163264K
  class space    used 16822K, committed 17344K, reserved 1048576K
}
Event: 256.079 GC heap before
{Heap before GC invocations=87 (full 0):
 garbage-first heap   total 399360K, used 330594K [0x0000000080000000, 0x0000000100000000)
  region size 1024K, 106 young (108544K), 11 survivors (11264K)
 Metaspace       used 129531K, committed 130624K, reserved 1163264K
  class space    used 16822K, committed 17344K, reserved 1048576K
}
Event: 256.099 GC heap after
{Heap after GC invocations=88 (full 0):
 garbage-first heap   total 399360K, used 235554K [0x0000000080000000, 0x0000000100000000)
  region size 1024K, 3 young (3072K), 3 survivors (3072K)
 Metaspace       used 129531K, committed 130624K, reserved 1163264K
  class space    used 16822K, committed 17344K, reserved 1048576K
}
Event: 256.166 GC heap before
{Heap before GC invocations=88 (full 0):
 garbage-first heap   total 399360K, used 251938K [0x0000000080000000, 0x0000000100000000)
  region size 1024K, 19 young (19456K), 3 survivors (3072K)
 Metaspace       used 129531K, committed 130624K, reserved 1163264K
  class space    used 16822K, committed 17344K, reserved 1048576K
}
Event: 256.184 GC heap after
{Heap after GC invocations=89 (full 0):
 garbage-first heap   total 399360K, used 234722K [0x0000000080000000, 0x0000000100000000)
  region size 1024K, 1 young (1024K), 1 survivors (1024K)
 Metaspace       used 129531K, committed 130624K, reserved 1163264K
  class space    used 16822K, committed 17344K, reserved 1048576K
}
Event: 256.428 GC heap before
{Heap before GC invocations=89 (full 0):
 garbage-first heap   total 399360K, used 257250K [0x0000000080000000, 0x0000000100000000)
  region size 1024K, 25 young (25600K), 1 survivors (1024K)
 Metaspace       used 129534K, committed 130624K, reserved 1163264K
  class space    used 16822K, committed 17344K, reserved 1048576K
}

